<?xml version="1.0" encoding="UTF-8"?><testsuite errors="0" failures="0" name="junits.studentsinfo.TagsTest" skipped="0" tests="3" time="6.49" timestamp="2017-11-26T18:29:33.485-05:00[America/New_York]"><testcase classname="junits.studentsinfo.TagsTest" name="This test will provide error of 400 when user tries to access invalid data"/><testcase classname="junits.studentsinfo.TagsTest" name="Provide a 405 status code when incorrect HTTP method is used"/><testcase classname="junits.studentsinfo.TagsTest" name="This will verify is a status of 200 is returned for GET request"/></testsuite>