<?xml version="1.0" encoding="UTF-8"?><testsuite errors="0" failures="0" name="junits.studentsinfo.StudentsCRUDTest" skipped="0" tests="4" time="1.62" timestamp="2017-11-26T16:49:09.700-05:00[America/New_York]"><testcase classname="junits.studentsinfo.StudentsCRUDTest" name="This Test will create a new Student"/><testcase classname="junits.studentsinfo.StudentsCRUDTest" name="Verify if the student was added"/><testcase classname="junits.studentsinfo.StudentsCRUDTest" name="Update user information and verify"/><testcase classname="junits.studentsinfo.StudentsCRUDTest" name="Delete student and verify"/></testsuite>